0 info it worked if it ends with ok
1 verbose cli [ 'C:\\Program Files\\nodejs\\node.exe',
1 verbose cli   'C:\\Users\\hongfeiw\\AppData\\Roaming\\npm\\node_modules\\npm\\bin\\npm-cli.js',
1 verbose cli   'start' ]
2 info using npm@3.10.5
3 info using node@v8.1.3
4 verbose run-script [ 'prestart', 'start', 'poststart' ]
5 info lifecycle jira-chart@1.0.0~prestart: jira-chart@1.0.0
6 silly lifecycle jira-chart@1.0.0~prestart: no script for prestart, continuing
7 info lifecycle jira-chart@1.0.0~start: jira-chart@1.0.0
8 verbose lifecycle jira-chart@1.0.0~start: unsafe-perm in lifecycle true
9 verbose lifecycle jira-chart@1.0.0~start: PATH: C:\Users\hongfeiw\AppData\Roaming\npm\node_modules\npm\bin\node-gyp-bin;F:\dev\CodeComplete\JiraChart\node_modules\.bin;C:\Program Files\nodejs;C:\Windows\system32;C:\Windows;C:\Windows\System32\Wbem;C:\Windows\System32\WindowsPowerShell\v1.0\;C:\Program Files\Microsoft SQL Server\110\Tools\Binn\;C:\Program Files\Microsoft\Web Platform Installer\;C:\Program Files\Microsoft SQL Server\120\Tools\Binn\;C:\Program Files (x86)\Microsoft ASP.NET\ASP.NET Web Pages\v1.0\;C:\Program Files\Microsoft SQL Server\100\Tools\Binn\Redist\;C:\Program Files (x86)\Windows Kits\8.1\Windows Performance Toolkit\;C:\Program Files (x86)\Microsoft SDKs\TypeScript\1.0\;C:\Python27;C:\Program Files (x86)\Java\jre7\bin;C:\Program Files\Microsoft SQL Server\Client SDK\ODBC\110\Tools\Binn\;C:\Program Files (x86)\Microsoft SQL Server\120\Tools\Binn\;C:\Program Files\Microsoft SQL Server\120\DTS\Binn\;C:\Program Files (x86)\Microsoft SQL Server\110\Tools\Binn\;C:\Program Files\Microsoft SQL Server\110\DTS\Binn\;C:\Program Files (x86)\Microsoft SQL Server\110\Tools\Binn\ManagementStudio\;C:\Program Files (x86)\Microsoft SQL Server\110\DTS\Binn\;C:\Program Files\Microsoft DNX\Dnvm\;C:\Program Files\Git\cmd;C:\Program Files (x86)\Symantec\VIP Access Client\;C:\ProgramData\chocolatey\bin;C:\Program Files\Java\jdk1.8.0_112\bin;F:\Program Files\MongoDB\Server\3.4\bin;C:\Program Files\Microsoft Service Fabric\bin\Fabric\Fabric.Code;C:\Program Files\Microsoft SDKs\Service Fabric\Tools\ServiceFabricLocalClusterManager;C:\Program Files\nodejs\;C:\Program Files (x86)\Nmap;C:\Program Files (x86)\Microsoft VS Code\bin;C:\Users\hongfeiw\AppData\Local\Android\android-sdk\tools;C:\Users\hongfeiw\AppData\Local\Android\android-sdk\platform-tools;C:\Users\hongfeiw\AppData\Roaming\npm
10 verbose lifecycle jira-chart@1.0.0~start: CWD: F:\dev\CodeComplete\JiraChart
11 silly lifecycle jira-chart@1.0.0~start: Args: [ '/d /s /c', 'node server.js' ]
12 silly lifecycle jira-chart@1.0.0~start: Returned: code: 1  signal: null
13 info lifecycle jira-chart@1.0.0~start: Failed to exec start script
14 verbose stack Error: jira-chart@1.0.0 start: `node server.js`
14 verbose stack Exit status 1
14 verbose stack     at EventEmitter.<anonymous> (C:\Users\hongfeiw\AppData\Roaming\npm\node_modules\npm\lib\utils\lifecycle.js:242:16)
14 verbose stack     at emitTwo (events.js:125:13)
14 verbose stack     at EventEmitter.emit (events.js:213:7)
14 verbose stack     at ChildProcess.<anonymous> (C:\Users\hongfeiw\AppData\Roaming\npm\node_modules\npm\lib\utils\spawn.js:40:14)
14 verbose stack     at emitTwo (events.js:125:13)
14 verbose stack     at ChildProcess.emit (events.js:213:7)
14 verbose stack     at maybeClose (internal/child_process.js:897:16)
14 verbose stack     at Process.ChildProcess._handle.onexit (internal/child_process.js:208:5)
15 verbose pkgid jira-chart@1.0.0
16 verbose cwd F:\dev\CodeComplete\JiraChart
17 error Windows_NT 6.3.9600
18 error argv "C:\\Program Files\\nodejs\\node.exe" "C:\\Users\\hongfeiw\\AppData\\Roaming\\npm\\node_modules\\npm\\bin\\npm-cli.js" "start"
19 error node v8.1.3
20 error npm  v3.10.5
21 error code ELIFECYCLE
22 error jira-chart@1.0.0 start: `node server.js`
22 error Exit status 1
23 error Failed at the jira-chart@1.0.0 start script 'node server.js'.
23 error Make sure you have the latest version of node.js and npm installed.
23 error If you do, this is most likely a problem with the jira-chart package,
23 error not with npm itself.
23 error Tell the author that this fails on your system:
23 error     node server.js
23 error You can get information on how to open an issue for this project with:
23 error     npm bugs jira-chart
23 error Or if that isn't available, you can get their info via:
23 error     npm owner ls jira-chart
23 error There is likely additional logging output above.
24 verbose exit [ 1, true ]
